Performing C SOURCE FILE Test CMAKE_HAVE_LIBC_PTHREAD failed with the following output:
Change Dir: /home/feng_shihao/fsh_file/Quadruped_control_system/simulation/environment/ros_envrionment/build/CMakeFiles/CMakeTmp

Run Build Command(s):/usr/bin/make cmTC_eab8d/fast && /usr/bin/make  -f CMakeFiles/cmTC_eab8d.dir/build.make CMakeFiles/cmTC_eab8d.dir/build
make[1]: 进入目录“/home/feng_shihao/fsh_file/Quadruped_control_system/simulation/environment/ros_envrionment/build/CMakeFiles/CMakeTmp”
Building C object CMakeFiles/cmTC_eab8d.dir/src.c.o
/usr/bin/cc   -DCMAKE_HAVE_LIBC_PTHREAD -o CMakeFiles/cmTC_eab8d.dir/src.c.o -c /home/feng_shihao/fsh_file/Quadruped_control_system/simulation/environment/ros_envrionment/build/CMakeFiles/CMakeTmp/src.c
Linking C executable cmTC_eab8d
/home/feng_shihao/.local/lib/python3.6/site-packages/cmake/data/bin/cmake -E cmake_link_script CMakeFiles/cmTC_eab8d.dir/link.txt --verbose=1
/usr/bin/cc  -DCMAKE_HAVE_LIBC_PTHREAD -rdynamic CMakeFiles/cmTC_eab8d.dir/src.c.o -o cmTC_eab8d 
CMakeFiles/cmTC_eab8d.dir/src.c.o：在函数‘main’中：
src.c:(.text+0x3e)：对‘pthread_create’未定义的引用
src.c:(.text+0x4a)：对‘pthread_detach’未定义的引用
src.c:(.text+0x56)：对‘pthread_cancel’未定义的引用
src.c:(.text+0x67)：对‘pthread_join’未定义的引用
src.c:(.text+0x7b)：对‘pthread_atfork’未定义的引用
collect2: error: ld returned 1 exit status
CMakeFiles/cmTC_eab8d.dir/build.make:105: recipe for target 'cmTC_eab8d' failed
make[1]: *** [cmTC_eab8d] Error 1
make[1]: 离开目录“/home/feng_shihao/fsh_file/Quadruped_control_system/simulation/environment/ros_envrionment/build/CMakeFiles/CMakeTmp”
Makefile:140: recipe for target 'cmTC_eab8d/fast' failed
make: *** [cmTC_eab8d/fast] Error 2


Source file was:
#include <pthread.h>

void* test_func(void* data)
{
  return data;
}

int main(void)
{
  pthread_t thread;
  pthread_create(&thread, NULL, test_func, NULL);
  pthread_detach(thread);
  pthread_cancel(thread);
  pthread_join(thread, NULL);
  pthread_atfork(NULL, NULL, NULL);
  pthread_exit(NULL);

  return 0;
}

Determining if the function pthread_create exists in the pthreads failed with the following output:
Change Dir: /home/feng_shihao/fsh_file/Quadruped_control_system/simulation/environment/ros_envrionment/build/CMakeFiles/CMakeTmp

Run Build Command(s):/usr/bin/make cmTC_cd184/fast && /usr/bin/make  -f CMakeFiles/cmTC_cd184.dir/build.make CMakeFiles/cmTC_cd184.dir/build
make[1]: 进入目录“/home/feng_shihao/fsh_file/Quadruped_control_system/simulation/environment/ros_envrionment/build/CMakeFiles/CMakeTmp”
Building C object CMakeFiles/cmTC_cd184.dir/CheckFunctionExists.c.o
/usr/bin/cc   -DCHECK_FUNCTION_EXISTS=pthread_create -o CMakeFiles/cmTC_cd184.dir/CheckFunctionExists.c.o -c /home/feng_shihao/.local/lib/python3.6/site-packages/cmake/data/share/cmake-3.18/Modules/CheckFunctionExists.c
Linking C executable cmTC_cd184
/home/feng_shihao/.local/lib/python3.6/site-packages/cmake/data/bin/cmake -E cmake_link_script CMakeFiles/cmTC_cd184.dir/link.txt --verbose=1
/usr/bin/cc  -DCHECK_FUNCTION_EXISTS=pthread_create -rdynamic CMakeFiles/cmTC_cd184.dir/CheckFunctionExists.c.o -o cmTC_cd184  -lpthreads 
/usr/bin/ld: 找不到 -lpthreads
collect2: error: ld returned 1 exit status
CMakeFiles/cmTC_cd184.dir/build.make:105: recipe for target 'cmTC_cd184' failed
make[1]: *** [cmTC_cd184] Error 1
make[1]: 离开目录“/home/feng_shihao/fsh_file/Quadruped_control_system/simulation/environment/ros_envrionment/build/CMakeFiles/CMakeTmp”
Makefile:140: recipe for target 'cmTC_cd184/fast' failed
make: *** [cmTC_cd184/fast] Error 2



